1. Соединение
2. Отключение
1. Соединение
2. Отключение
1. Соединение
2. Отключение
1. Соединение
1. Соединение
1. Соединение
1. Соединение
1. Соединение
1. Соединение
1. Соединение
1. Соединение
1. Соединение
1. Соединение
1. Соединение
1. Соединение
1. Соединение
1. Соединение
1. Соединение
1. Соединение
1. Соединение
1. Соединение
1. Соединение
1. Соединение
1. Соединение
1. Соединение
1. Соединение
1. Соединение
1. Соединение
1. Соединение
1. Соединение
1. Соединение
1. Соединение
1. Соединение
1. Соединение
1. Соединение
1. Соединение
1. Соединение
1. Соединение
1. Соединение
1. Соединение
1. Соединение
1. Соединение
1. Соединение
1. Соединение
1. Соединение
1. Соединение
1. Соединение
1. Соединение
1. Соединение
1. Соединение
1. Соединение
1. Соединение
2. Отключение
1. Соединение
2. Отключение
1. Соединение
2. Отключение
